[12:28:58] [main/INFO]: Loading Minecraft 1.20.1 with Fabric Loader 0.16.2
[12:28:58] [main/INFO]: Loading 4 mods:
	- fabricloader 0.16.2
	   \-- mixinextras 0.4.1
	- java 21
	- minecraft 1.20.1
[12:28:58] [main/INFO]: SpongePowered MIXIN Subsystem Version=0.8.7 Source=file:/workspaces/MSP2.5/servidor_minecraft/libraries/net/fabricmc/sponge-mixin/0.15.2+mixin.0.8.7/sponge-mixin-0.15.2+mixin.0.8.7.jar Service=Knot/Fabric Env=SERVER
[12:29:08] [main/INFO]: Environment: authHost='https://authserver.mojang.com', accountsHost='https://api.mojang.com', sessionHost='https://sessionserver.mojang.com', servicesHost='https://api.minecraftservices.com', name='PROD'
[12:29:11] [main/INFO]: Loaded 7 recipes
[12:29:11] [main/INFO]: Loaded 1271 advancements
[12:29:12] [Server thread/INFO]: Starting minecraft server version 1.20.1
[12:29:12] [Server thread/INFO]: Loading properties
[12:29:12] [Server thread/INFO]: Default game type: SURVIVAL
[12:29:12] [Server thread/INFO]: Generating keypair
[12:29:12] [Server thread/INFO]: Starting Minecraft server on *:25565
[12:29:12] [Server thread/INFO]: Using epoll channel type
[12:29:12] [Server thread/WARN]: **** SERVER IS RUNNING IN OFFLINE/INSECURE MODE!
[12:29:12] [Server thread/WARN]: The server will make no attempt to authenticate usernames. Beware.
[12:29:12] [Server thread/WARN]: While this makes the game possible to play without internet access, it also opens up the ability for hackers to connect with any username they choose.
[12:29:12] [Server thread/WARN]: To change this, set "online-mode" to "true" in the server.properties file.
[12:29:12] [Server thread/INFO]: Preparing level "world"
[12:29:21] [Server thread/INFO]: Preparing start region for dimension minecraft:overworld
[12:29:26] [Worker-Main-1/INFO]: Preparing spawn area: 0%
[12:29:26] [Worker-Main-1/INFO]: Preparing spawn area: 0%
[12:29:26] [Worker-Main-1/INFO]: Preparing spawn area: 0%
[12:29:26] [Worker-Main-1/INFO]: Preparing spawn area: 0%
[12:29:26] [Worker-Main-1/INFO]: Preparing spawn area: 0%
[12:29:26] [Worker-Main-1/INFO]: Preparing spawn area: 0%
[12:29:26] [Worker-Main-1/INFO]: Preparing spawn area: 0%
[12:29:26] [Worker-Main-1/INFO]: Preparing spawn area: 0%
[12:29:26] [Worker-Main-1/INFO]: Preparing spawn area: 0%
[12:29:26] [Worker-Main-1/INFO]: Preparing spawn area: 0%
[12:29:26] [Worker-Main-1/INFO]: Preparing spawn area: 0%
[12:29:26] [Worker-Main-1/INFO]: Preparing spawn area: 0%
[12:29:27] [Worker-Main-1/INFO]: Preparing spawn area: 1%
[12:29:27] [Server thread/INFO]: Time elapsed: 6469 ms
[12:29:27] [Server thread/INFO]: Done (15.124s)! For help, type "help"
[12:29:32] [Server thread/INFO]: jaimexzela07[/100.88.153.3:55852] logged in with entity id 196 at (3.5, 75.0, -5.5)
[12:29:32] [Server thread/INFO]: jaimexzela07 joined the game
[12:30:14] [Server thread/INFO]: jaimexzela07 was slain by Zombie
[12:30:21] [Server thread/INFO]: jaimexzela07 lost connection: Disconnected
[12:30:21] [Server thread/INFO]: jaimexzela07 left the game
[12:31:41] [Server thread/INFO]: jaimexzela07[/100.88.153.3:55922] logged in with entity id 428 at (0.9014689900901081, 69.0, -4.300000011920929)
[12:31:41] [Server thread/INFO]: jaimexzela07 joined the game
[12:31:41] [Server thread/INFO]: jaimexzela07 lost connection: Disconnected
[12:31:41] [Server thread/INFO]: jaimexzela07 left the game
